#
# A fatal error has been detected by the Java Runtime Environment:
#
#  EXCEPTION_ACCESS_VIOLATION (0xc0000005) at pc=0x0000000063f43df2, pid=5744, tid=880
#
# JRE version: Java(TM) SE Runtime Environment (8.0_91-b15) (build 1.8.0_91-b15)
# Java VM: Java HotSpot(TM) 64-Bit Server VM (25.91-b15 mixed mode windows-amd64 compressed oops)
# Problematic frame:
# V  [jvm.dll+0x143df2]
#
# Failed to write core dump. Minidumps are not enabled by default on client versions of Windows
#
# If you would like to submit a bug report, please visit:
#   http://bugreport.java.com/bugreport/crash.jsp
#

---------------  T H R E A D  ---------------

Current thread (0x0000000002a32800):  JavaThread "main" [_thread_in_vm, id=880, stack(0x0000000002650000,0x0000000002750000)]

siginfo: ExceptionCode=0xc0000005, reading address 0x0000000000000000

Registers:
RAX=0x0000000000000000, RBX=0x0000000002a32800, RCX=0x0000000000000280, RDX=0x0000000000000000
RSP=0x000000000274ed40, RBP=0x0000000000000000, RSI=0x0000000000000000, RDI=0x0000000000000000
R8 =0x0000000000000000, R9 =0x00000000d8419c10, R10=0x000000000000000c, R11=0x0000000064604c18
R12=0x000000001a0709e8, R13=0x0000000019efb170, R14=0x000000000274eed8, R15=0x0000000002a32800
RIP=0x0000000063f43df2, EFLAGS=0x0000000000010202

Top of Stack: (sp=0x000000000274ed40)
0x000000000274ed40:   000000000274ee00 0000000063fda0a7
0x000000000274ed50:   000000000274ee00 000000006d582020
0x000000000274ed60:   0000000002a32800 0000000000000000
0x000000000274ed70:   0000000019efb170 0000000002a32800
0x000000000274ed80:   0000000002a32800 0000000002648650
0x000000000274ed90:   0000000019efb178 000000000274eed8
0x000000000274eda0:   000000000264e2d0 0000000002a329f8
0x000000000274edb0:   0000000000000000 000000006d58204d
0x000000000274edc0:   000000000274eed8 0000000011acb000
0x000000000274edd0:   0000000019efb178 0000000002a329f8
0x000000000274ede0:   0000000019efb178 0000000002a32800
0x000000000274edf0:   0000000011acb000 0000000002b488e9
0x000000000274ee00:   0000000019efb178 0000000050200021
0x000000000274ee10:   0000000011acb000 000000000274eeb0
0x000000000274ee20:   0000000000000000 0000000002b48a57
0x000000000274ee30:   0000000011acb000 0000000002b4863d 

Instructions: (pc=0x0000000063f43df2)
0x0000000063f43dd2:   89 5c 24 20 48 89 74 24 28 48 39 73 08 74 0a 48
0x0000000063f43de2:   8d 4c 24 20 e8 95 5e 13 00 40 38 35 3e fe 6b 00
0x0000000063f43df2:   48 8b 3f 48 63 05 e0 5e 6a 00 74 1b 8b 0c 38 85
0x0000000063f43e02:   c9 74 7c 8b c1 8b 0d 83 39 65 00 48 d3 e0 48 03 


Register to memory mapping:

RAX=0x0000000000000000 is an unknown value
RBX=0x0000000002a32800 is a thread
RCX=0x0000000000000280 is an unknown value
RDX=0x0000000000000000 is an unknown value
RSP=0x000000000274ed40 is pointing into the stack for thread: 0x0000000002a32800
RBP=0x0000000000000000 is an unknown value
RSI=0x0000000000000000 is an unknown value
RDI=0x0000000000000000 is an unknown value
R8 =0x0000000000000000 is an unknown value
R9 =0x00000000d8419c10 is an oop
org.sqlite.core.NativeDB 
 - klass: 'org/sqlite/core/NativeDB'
R10=0x000000000000000c is an unknown value
R11=0x0000000064604c18 is an unknown value
R12=0x000000001a0709e8 is an unknown value
R13=0x0000000019efb170 is pointing into metadata
R14=0x000000000274eed8 is pointing into the stack for thread: 0x0000000002a32800
R15=0x0000000002a32800 is a thread


Stack: [0x0000000002650000,0x0000000002750000],  sp=0x000000000274ed40,  free space=1019k
Native frames: (J=compiled Java code, j=interpreted, Vv=VM code, C=native code)

Java frames: (J=compiled Java code, j=interpreted, Vv=VM code)
j  org.sqlite.core.NativeDB.prepare(Ljava/lang/String;)J+0
j  org.sqlite.core.DB.prepare(Lorg/sqlite/core/CoreStatement;)V+21
j  org.sqlite.core.CorePreparedStatement.<init>(Lorg/sqlite/SQLiteConnection;Ljava/lang/String;)V+15
j  org.sqlite.jdbc3.JDBC3PreparedStatement.<init>(Lorg/sqlite/SQLiteConnection;Ljava/lang/String;)V+3
j  org.sqlite.jdbc4.JDBC4PreparedStatement.<init>(Lorg/sqlite/SQLiteConnection;Ljava/lang/String;)V+3
j  org.sqlite.jdbc4.JDBC4Connection.prepareStatement(Ljava/lang/String;III)Ljava/sql/PreparedStatement;+21
j  org.sqlite.jdbc3.JDBC3Connection.prepareStatement(Ljava/lang/String;II)Ljava/sql/PreparedStatement;+5
j  org.sqlite.jdbc3.JDBC3Connection.prepareStatement(Ljava/lang/String;)Ljava/sql/PreparedStatement;+8
j  reflectionapi.DataBaseReflectionApi.save(Ljava/lang/Object;)V+165
j  com.mycompany.krokhomework12.MainApp.main([Ljava/lang/String;)V+657
v  ~StubRoutines::call_stub

---------------  P R O C E S S  ---------------

Java Threads: ( => current thread )
  0x00000000174fe000 JavaThread "Service Thread" daemon [_thread_blocked, id=6436, stack(0x0000000019350000,0x0000000019450000)]
  0x00000000174b0000 JavaThread "C1 CompilerThread2" daemon [_thread_blocked, id=2076, stack(0x0000000018e50000,0x0000000018f50000)]
  0x00000000174a9000 JavaThread "C2 CompilerThread1" daemon [_thread_blocked, id=4800, stack(0x0000000018d50000,0x0000000018e50000)]
  0x00000000174a3800 JavaThread "C2 CompilerThread0" daemon [_thread_blocked, id=7888, stack(0x0000000018c50000,0x0000000018d50000)]
  0x00000000174a1800 JavaThread "Attach Listener" daemon [_thread_blocked, id=4472, stack(0x0000000018b50000,0x0000000018c50000)]
  0x00000000174a0800 JavaThread "Signal Dispatcher" daemon [_thread_blocked, id=6236, stack(0x0000000018a50000,0x0000000018b50000)]
  0x0000000002b2b800 JavaThread "Finalizer" daemon [_thread_blocked, id=5324, stack(0x0000000018720000,0x0000000018820000)]
  0x0000000002b20800 JavaThread "Reference Handler" daemon [_thread_blocked, id=5804, stack(0x0000000018620000,0x0000000018720000)]
=>0x0000000002a32800 JavaThread "main" [_thread_in_vm, id=880, stack(0x0000000002650000,0x0000000002750000)]

Other Threads:
  0x0000000017467800 VMThread [stack: 0x0000000018520000,0x0000000018620000] [id=4632]
  0x0000000018f9f000 WatcherThread [stack: 0x0000000019450000,0x0000000019550000] [id=7296]

VM state:synchronizing (normal execution)

VM Mutex/Monitor currently owned by a thread:  ([mutex/lock_event])
[0x000000000264dde0] Threads_lock - owner thread: 0x0000000017467800

Heap:
 PSYoungGen      total 36864K, used 23557K [0x00000000d6e00000, 0x00000000d9700000, 0x0000000100000000)
  eden space 31744K, 74% used [0x00000000d6e00000,0x00000000d85014b0,0x00000000d8d00000)
  from space 5120K, 0% used [0x00000000d9200000,0x00000000d9200000,0x00000000d9700000)
  to   space 5120K, 0% used [0x00000000d8d00000,0x00000000d8d00000,0x00000000d9200000)
 ParOldGen       total 84992K, used 0K [0x0000000084a00000, 0x0000000089d00000, 0x00000000d6e00000)
  object space 84992K, 0% used [0x0000000084a00000,0x0000000084a00000,0x0000000089d00000)
 Metaspace       used 11116K, capacity 11212K, committed 11392K, reserved 1058816K
  class space    used 1352K, capacity 1404K, committed 1408K, reserved 1048576K

Card table byte_map: [0x0000000011ef0000,0x00000000122d0000] byte_map_base: 0x0000000011acb000

Marking Bits: (ParMarkBitMap*) 0x0000000064612f70
 Begin Bits: [0x0000000012970000, 0x0000000014848000)
 End Bits:   [0x0000000014848000, 0x0000000016720000)

Polling page: 0x00000000024b0000

CodeCache: size=245760Kb used=2926Kb max_used=2940Kb free=242833Kb
 bounds [0x0000000002b30000, 0x0000000002e20000, 0x0000000011b30000]
 total_blobs=1112 nmethods=748 adapters=277
 compilation: enabled

Compilation events (10 events):
Event: 7.251 Thread 0x00000000174a3800  745       4       java.io.DataOutputStream::writeByte (14 bytes)
Event: 7.255 Thread 0x00000000174a9000 nmethod 741 0x0000000002e0d3d0 code [0x0000000002e0d520, 0x0000000002e0d778]
Event: 7.255 Thread 0x00000000174a9000  746  s    4       java.io.DataOutputStream::write (14 bytes)
Event: 7.262 Thread 0x00000000174b0000  748       1       java.lang.reflect.Field::getModifiers (5 bytes)
Event: 7.262 Thread 0x00000000174b0000 nmethod 748 0x0000000002e0d110 code [0x0000000002e0d260, 0x0000000002e0d370]
Event: 7.263 Thread 0x00000000174b0000  749       3       sun.reflect.DelegatingConstructorAccessorImpl::newInstance (9 bytes)
Event: 7.263 Thread 0x00000000174b0000 nmethod 749 0x0000000002e0ccd0 code [0x0000000002e0ce40, 0x0000000002e0d068]
Event: 7.271 Thread 0x00000000174a9000 nmethod 746 0x0000000002e0ad50 code [0x0000000002e0aec0, 0x0000000002e0b528]
Event: 7.271 Thread 0x00000000174a9000  747       4       sun.misc.ProxyGenerator$ConstantPool::getUtf8 (18 bytes)
Event: 7.276 Thread 0x00000000174a3800 nmethod 745 0x0000000002e0e610 code [0x0000000002e0e7a0, 0x0000000002e0f238]

GC Heap History (0 events):
No events

Deoptimization events (10 events):
Event: 1.777 Thread 0x0000000002a32800 Uncommon trap: reason=range_check action=make_not_entrant pc=0x0000000002d1b0a0 method=sun.reflect.generics.parser.SignatureParser.current()C @ 34
Event: 1.813 Thread 0x0000000002a32800 Uncommon trap: reason=unstable_if action=reinterpret pc=0x0000000002d4ca3c method=java.util.HashMap.getNode(ILjava/lang/Object;)Ljava/util/HashMap$Node; @ 129
Event: 1.814 Thread 0x0000000002a32800 Uncommon trap: reason=unstable_if action=reinterpret pc=0x0000000002d4ba74 method=java.util.HashMap.getNode(ILjava/lang/Object;)Ljava/util/HashMap$Node; @ 129
Event: 2.166 Thread 0x0000000002a32800 Uncommon trap: reason=unstable_if action=reinterpret pc=0x0000000002c899a4 method=java.lang.String.indexOf([CII[CIII)I @ 3
Event: 2.276 Thread 0x0000000002a32800 Uncommon trap: reason=class_check action=maybe_recompile pc=0x0000000002da4368 method=java.util.HashMap.putVal(ILjava/lang/Object;Ljava/lang/Object;ZZ)Ljava/lang/Object; @ 203
Event: 2.276 Thread 0x0000000002a32800 Uncommon trap: reason=class_check action=maybe_recompile pc=0x0000000002da4368 method=java.util.HashMap.putVal(ILjava/lang/Object;Ljava/lang/Object;ZZ)Ljava/lang/Object; @ 203
Event: 2.489 Thread 0x0000000002a32800 Uncommon trap: reason=unstable_if action=reinterpret pc=0x0000000002d5ed64 method=java.lang.AbstractStringBuilder.append(Ljava/lang/String;)Ljava/lang/AbstractStringBuilder; @ 1
Event: 2.605 Thread 0x0000000002a32800 Uncommon trap: reason=unstable_if action=reinterpret pc=0x0000000002de7ee0 method=java.io.WinNTFileSystem.normalize(Ljava/lang/String;)Ljava/lang/String; @ 128
Event: 3.844 Thread 0x0000000002a32800 Uncommon trap: reason=unstable_if action=reinterpret pc=0x0000000002e09ec4 method=org.sqlite.SQLiteJDBCLoader.contentsEquals(Ljava/io/InputStream;Ljava/io/InputStream;)Z @ 39
Event: 7.260 Thread 0x0000000002a32800 Uncommon trap: reason=unstable_if action=reinterpret pc=0x0000000002d21654 method=java.lang.AbstractStringBuilder.append(Ljava/lang/String;)Ljava/lang/AbstractStringBuilder; @ 1

Internal exceptions (10 events):
Event: 0.098 Thread 0x0000000002a32800 Exception <a 'java/lang/NoSuchMethodError': Method sun.misc.Unsafe.prefetchRead(Ljava/lang/Object;J)V name or signature does not match> (0x00000000d6e07fa8) thrown at [C:\re\workspace\8-2-build-windows-amd64-cygwin\jdk8u91\7017\hotspot\src\share\vm\prims\jь_mѕНЫ?
Event: 0.434 Thread 0x0000000002a32800 Exception <a 'java/security/PrivilegedActionException'> (0x00000000d7014690) thrown at [C:\re\workspace\8-2-build-windows-amd64-cygwin\jdk8u91\7017\hotspot\src\share\vm\prims\jvm.cpp, line 1386]
Event: 0.435 Thread 0x0000000002a32800 Exception <a 'java/security/PrivilegedActionException'> (0x00000000d70148a0) thrown at [C:\re\workspace\8-2-build-windows-amd64-cygwin\jdk8u91\7017\hotspot\src\share\vm\prims\jvm.cpp, line 1386]
Event: 0.436 Thread 0x0000000002a32800 Exception <a 'java/security/PrivilegedActionException'> (0x00000000d70186e8) thrown at [C:\re\workspace\8-2-build-windows-amd64-cygwin\jdk8u91\7017\hotspot\src\share\vm\prims\jvm.cpp, line 1386]
Event: 0.436 Thread 0x0000000002a32800 Exception <a 'java/security/PrivilegedActionException'> (0x00000000d70188f8) thrown at [C:\re\workspace\8-2-build-windows-amd64-cygwin\jdk8u91\7017\hotspot\src\share\vm\prims\jvm.cpp, line 1386]
Event: 1.778 Thread 0x0000000002a32800 Exception <a 'java/lang/ArrayIndexOutOfBoundsException': 18> (0x00000000d7cdf488) thrown at [C:\re\workspace\8-2-build-windows-amd64-cygwin\jdk8u91\7017\hotspot\src\share\vm\interpreter\interpreterRuntime.cpp, line 366]
Event: 1.779 Thread 0x0000000002a32800 Exception <a 'java/lang/ArrayIndexOutOfBoundsException': 110> (0x00000000d7ce09e0) thrown at [C:\re\workspace\8-2-build-windows-amd64-cygwin\jdk8u91\7017\hotspot\src\share\vm\interpreter\interpreterRuntime.cpp, line 366]
Event: 2.447 Thread 0x0000000002a32800 Exception <a 'java/lang/NoClassDefFoundError': com/lmax/disruptor/EventFactory> (0x00000000d8175da0) thrown at [C:\re\workspace\8-2-build-windows-amd64-cygwin\jdk8u91\7017\hotspot\src\share\vm\classfile\systemDictionary.cpp, line 199]
Event: 2.489 Thread 0x0000000002a32800 Implicit null exception at 0x0000000002d5ea16 to 0x0000000002d5ed4d
Event: 7.260 Thread 0x0000000002a32800 Implicit null exception at 0x0000000002d21316 to 0x0000000002d2163d

Events (10 events):
Event: 7.265 loading class org/sqlite/jdbc4/JDBC4PreparedStatement
Event: 7.265 loading class org/sqlite/jdbc4/JDBC4PreparedStatement done
Event: 7.267 loading class java/sql/ParameterMetaData
Event: 7.267 loading class java/sql/ParameterMetaData done
Event: 7.267 loading class org/sqlite/jdbc3/JDBC3PreparedStatement
Event: 7.267 loading class org/sqlite/jdbc3/JDBC3PreparedStatement done
Event: 7.270 loading class org/sqlite/core/CorePreparedStatement
Event: 7.270 loading class org/sqlite/core/CorePreparedStatement done
Event: 7.273 loading class java/sql/Date
Event: 7.273 loading class java/sql/Date done


Dynamic libraries:
0x000007f6c1610000 - 0x000007f6c1647000 	C:\Program Files\Java\jdk1.8.0_91\bin\java.exe
0x000007fa4fe50000 - 0x000007fa5000e000 	C:\windows\SYSTEM32\ntdll.dll
0x000007fa4f520000 - 0x000007fa4f656000 	C:\windows\system32\KERNEL32.DLL
0x000007fa4ce50000 - 0x000007fa4cf43000 	C:\windows\system32\KERNELBASE.dll
0x000007fa4eae0000 - 0x000007fa4ebbe000 	C:\windows\system32\ADVAPI32.dll
0x000007fa4f9d0000 - 0x000007fa4fb1c000 	C:\windows\system32\USER32.dll
0x000007fa49fc0000 - 0x000007fa4a229000 	C:\windows\WinSxS\amd64_microsoft.windows.common-controls_6595b64144ccf1df_6.0.9200.16384_none_418c2a697189c07f\COMCTL32.dll
0x000007fa4f670000 - 0x000007fa4f715000 	C:\windows\system32\msvcrt.dll
0x000007fa4e680000 - 0x000007fa4e6c8000 	C:\windows\SYSTEM32\sechost.dll
0x000007fa4efb0000 - 0x000007fa4f0f0000 	C:\windows\system32\RPCRT4.dll
0x000007fa4f3e0000 - 0x000007fa4f520000 	C:\windows\system32\GDI32.dll
0x000007fa4e640000 - 0x000007fa4e679000 	C:\windows\system32\IMM32.DLL
0x000007fa4fb20000 - 0x000007fa4fc34000 	C:\windows\system32\MSCTF.dll
0x0000000063d20000 - 0x0000000063df2000 	C:\Program Files\Java\jdk1.8.0_91\jre\bin\msvcr100.dll
0x0000000063e00000 - 0x0000000064693000 	C:\Program Files\Java\jdk1.8.0_91\jre\bin\server\jvm.dll
0x000007fa45b90000 - 0x000007fa45b99000 	C:\windows\SYSTEM32\WSOCK32.dll
0x000007fa46600000 - 0x000007fa46620000 	C:\windows\SYSTEM32\WINMM.dll
0x000007fa4bf90000 - 0x000007fa4bf99000 	C:\windows\SYSTEM32\VERSION.dll
0x000007fa4f790000 - 0x000007fa4f797000 	C:\windows\system32\PSAPI.DLL
0x000007fa4d2e0000 - 0x000007fa4d338000 	C:\windows\system32\WS2_32.dll
0x000007fa465c0000 - 0x000007fa465f2000 	C:\windows\SYSTEM32\WINMMBASE.dll
0x000007fa4f2a0000 - 0x000007fa4f2a9000 	C:\windows\system32\NSI.dll
0x0000000064d10000 - 0x0000000064d1f000 	C:\Program Files\Java\jdk1.8.0_91\jre\bin\verify.dll
0x0000000063cb0000 - 0x0000000063cd9000 	C:\Program Files\Java\jdk1.8.0_91\jre\bin\java.dll
0x0000000063c90000 - 0x0000000063ca6000 	C:\Program Files\Java\jdk1.8.0_91\jre\bin\zip.dll
0x000007fa4d340000 - 0x000007fa4e625000 	C:\windows\system32\SHELL32.dll
0x000007fa4f0f0000 - 0x000007fa4f2a0000 	C:\windows\SYSTEM32\combase.dll
0x000007fa4e6d0000 - 0x000007fa4e720000 	C:\windows\system32\SHLWAPI.dll
0x000007fa4be50000 - 0x000007fa4bee6000 	C:\windows\SYSTEM32\SHCORE.dll
0x000007fa4cd80000 - 0x000007fa4cd95000 	C:\windows\SYSTEM32\profapi.dll
0x0000000063a00000 - 0x0000000063a0d000 	C:\Program Files\Java\jdk1.8.0_91\jre\bin\management.dll
0x0000000063c70000 - 0x0000000063c8a000 	C:\Program Files\Java\jdk1.8.0_91\jre\bin\net.dll
0x000007fa4c5d0000 - 0x000007fa4c62c000 	C:\windows\system32\mswsock.dll
0x000007fa391b0000 - 0x000007fa391c4000 	C:\windows\system32\napinsp.dll
0x000007fa391d0000 - 0x000007fa391e8000 	C:\windows\system32\pnrpnsp.dll
0x000007fa4b370000 - 0x000007fa4b386000 	C:\windows\system32\NLAapi.dll
0x000007fa4c410000 - 0x000007fa4c4a8000 	C:\windows\SYSTEM32\DNSAPI.dll
0x000007fa391f0000 - 0x000007fa39202000 	C:\windows\System32\winrnr.dll
0x000007fa39880000 - 0x000007fa39894000 	C:\windows\system32\wshbth.dll
0x0000000065770000 - 0x0000000065796000 	C:\Program Files\Bonjour\mdnsNSP.dll
0x000007fa48c80000 - 0x000007fa48cac000 	C:\windows\SYSTEM32\Iphlpapi.DLL
0x000007fa48c30000 - 0x000007fa48c3a000 	C:\windows\SYSTEM32\WINNSI.DLL
0x000007fa38af0000 - 0x000007fa38af8000 	C:\Windows\System32\rasadhlp.dll
0x000007fa47b10000 - 0x000007fa47b6f000 	C:\windows\System32\fwpuclnt.dll
0x0000000063c50000 - 0x0000000063c61000 	C:\Program Files\Java\jdk1.8.0_91\jre\bin\nio.dll
0x000007fa4c630000 - 0x000007fa4c64a000 	C:\windows\SYSTEM32\CRYPTSP.dll
0x000007fa4c2b0000 - 0x000007fa4c2f9000 	C:\windows\system32\rsaenh.dll
0x000007fa4c3b0000 - 0x000007fa4c3cf000 	C:\windows\SYSTEM32\USERENV.dll
0x000007fa4cbc0000 - 0x000007fa4cbca000 	C:\windows\SYSTEM32\CRYPTBASE.dll
0x000007fa4cb60000 - 0x000007fa4cbbc000 	C:\windows\SYSTEM32\bcryptPrimitives.dll
0x000007fa47ae0000 - 0x000007fa47af3000 	C:\windows\SYSTEM32\dhcpcsvc6.DLL
0x000007fa47a00000 - 0x000007fa47a18000 	C:\windows\SYSTEM32\dhcpcsvc.DLL
0x000000006d580000 - 0x000000006d63d000 	C:\Users\Алексей\AppData\Local\Temp\sqlite-3.8.11.2-295e9e62-049f-4ea0-b2cf-13312bca4b45-sqlitejdbc.dll
0x000007fa44d60000 - 0x000007fa44ec3000 	C:\windows\SYSTEM32\dbghelp.dll

VM Arguments:
java_command: com.mycompany.krokhomework12.MainApp
java_class_path (initial): C:\Users\Алексей\Documents\NetBeansProjects\GIT_REPO\KrokHomeWork12\target\classes;C:\Users\Алексей\.m2\repository\org\xerial\sqlite-jdbc\3.8.11.2\sqlite-jdbc-3.8.11.2.jar;C:\Users\Алексей\.m2\repository\com\fasterxml\jackson\core\jackson-databind\2.9.8\jackson-databind-2.9.8.jar;C:\Users\Алексей\.m2\repository\com\fasterxml\jackson\core\jackson-annotations\2.9.0\jackson-annotations-2.9.0.jar;C:\Users\Алексей\.m2\repository\com\fasterxml\jackson\core\jackson-core\2.9.8\jackson-core-2.9.8.jar;C:\Users\Алексей\.m2\repository\com\fasterxml\jackson\dataformat\jackson-dataformat-xml\2.9.8\jackson-dataformat-xml-2.9.8.jar;C:\Users\Алексей\.m2\repository\com\fasterxml\jackson\module\jackson-module-jaxb-annotations\2.9.8\jackson-module-jaxb-annotations-2.9.8.jar;C:\Users\Алексей\.m2\repository\org\codehaus\woodstox\stax2-api\3.1.4\stax2-api-3.1.4.jar;C:\Users\Алексей\.m2\repository\com\fasterxml\woodstox\woodstox-core\5.0.3\woodstox-core-5.0.3.jar;C:\Users\Алексей\.m2\repository\org\apache\logging\log4j\log4j-api\2.4.1\log4j-api-2.4.1.jar;C:\Users\Алексей\.m2\repository\org\apache\logging\log4j\log4j-core\2.4.1\log4j-core-2.4.1.jar
Launcher Type: SUN_STANDARD

Environment Variables:
JAVA_HOME=C:\Program Files\Java\jdk1.8.0_91
USERNAME=Алексей
OS=Windows_NT
PROCESSOR_IDENTIFIER=Intel64 Family 6 Model 58 Stepping 9, GenuineIntel



---------------  S Y S T E M  ---------------

OS: Windows 8 , 64 bit Build 9200 (6.2.9200.16384)

CPU:total 4 (2 cores per cpu, 2 threads per core) family 6 model 58 stepping 9, cmov, cx8, fxsr, mmx, sse, sse2, sse3, ssse3, sse4.1, sse4.2, popcnt, avx, clmul, erms, ht, tsc, tscinvbit, tscinv

Memory: 4k page, physical 8082972k(3254740k free), swap 10622496k(3314152k free)

vm_info: Java HotSpot(TM) 64-Bit Server VM (25.91-b15) for windows-amd64 JRE (1.8.0_91-b15), built on May 20 2016 17:43:15 by "java_re" with MS VC++ 10.0 (VS2010)

time: Thu Apr 25 23:30:06 2019
elapsed time: 7 seconds (0d 0h 0m 7s)

